  Source.cpp
Source.obj : error LNK2019: unresolved external symbol "public: __cdecl Utest::Utest(void)" (??0Utest@@QEAA@XZ) referenced in function "public: __cdecl TEST_GROUP_CppUTestGroupFirstTestGroup::TEST_GROUP_CppUTestGroupFirstTestGroup(void)" (??0TEST_GROUP_CppUTestGroupFirstTestGroup@@QEAA@XZ)
Source.obj : error LNK2019: unresolved external symbol "public: virtual __cdecl Utest::~Utest(void)" (??1Utest@@UEAA@XZ) referenced in function "public: virtual __cdecl TEST_GROUP_CppUTestGroupFirstTestGroup::~TEST_GROUP_CppUTestGroupFirstTestGroup(void)" (??1TEST_GROUP_CppUTestGroupFirstTestGroup@@UEAA@XZ)
Source.obj : error LNK2001: unresolved external symbol "public: virtual void __cdecl Utest::run(void)" (?run@Utest@@UEAAXXZ)
Source.obj : error LNK2001: unresolved external symbol "public: virtual void __cdecl Utest::setup(void)" (?setup@Utest@@UEAAXXZ)
Source.obj : error LNK2001: unresolved external symbol "public: virtual void __cdecl Utest::teardown(void)" (?teardown@Utest@@UEAAXXZ)
Source.obj : error LNK2001: unresolved external symbol "public: virtual void __cdecl Utest::testBody(void)" (?testBody@Utest@@UEAAXXZ)
Source.obj : error LNK2019: unresolved external symbol "public: virtual __cdecl TestTerminator::~TestTerminator(void)" (??1TestTerminator@@UEAA@XZ) referenced in function "public: virtual void * __cdecl TestTerminator::`scalar deleting destructor'(unsigned int)" (??_GTestTerminator@@UEAAPEAXI@Z)
Source.obj : error LNK2001: unresolved external symbol "public: virtual void __cdecl NormalTestTerminator::exitCurrentTest(void)const " (?exitCurrentTest@NormalTestTerminator@@UEBAXXZ)
Source.obj : error LNK2019: unresolved external symbol "public: virtual __cdecl NormalTestTerminator::~NormalTestTerminator(void)" (??1NormalTestTerminator@@UEAA@XZ) referenced in function "public: virtual void * __cdecl NormalTestTerminator::`scalar deleting destructor'(unsigned int)" (??_GNormalTestTerminator@@UEAAPEAXI@Z)
Source.obj : error LNK2019: unresolved external symbol "public: static class UtestShell * __cdecl UtestShell::getCurrent(void)" (?getCurrent@UtestShell@@SAPEAV1@XZ) referenced in function "public: virtual void __cdecl TEST_FirstTestGroup_FirstTest_Test::testBody(void)" (?testBody@TEST_FirstTestGroup_FirstTest_Test@@UEAAXXZ)
Source.obj : error LNK2019: unresolved external symbol "public: virtual __cdecl UtestShell::~UtestShell(void)" (??1UtestShell@@UEAA@XZ) referenced in function "public: virtual __cdecl TEST_FirstTestGroup_FirstTest_TestShell::~TEST_FirstTestGroup_FirstTest_TestShell(void)" (??1TEST_FirstTestGroup_FirstTest_TestShell@@UEAA@XZ)
Source.obj : error LNK2001: unresolved external symbol "public: virtual class UtestShell * __cdecl UtestShell::addTest(class UtestShell *)" (?addTest@UtestShell@@UEAAPEAV1@PEAV1@@Z)
Source.obj : error LNK2001: unresolved external symbol "public: virtual class UtestShell * __cdecl UtestShell::getNext(void)const " (?getNext@UtestShell@@UEBAPEAV1@XZ)
Source.obj : error LNK2001: unresolved external symbol "public: virtual int __cdecl UtestShell::countTests(void)" (?countTests@UtestShell@@UEAAHXZ)
Source.obj : error LNK2001: unresolved external symbol "public: virtual class SimpleString __cdecl UtestShell::getFormattedName(void)const " (?getFormattedName@UtestShell@@UEBA?AVSimpleString@@XZ)
Source.obj : error LNK2001: unresolved external symbol "public: virtual bool __cdecl UtestShell::willRun(void)const " (?willRun@UtestShell@@UEBA_NXZ)
Source.obj : error LNK2001: unresolved external symbol "public: virtual bool __cdecl UtestShell::hasFailed(void)const " (?hasFailed@UtestShell@@UEBA_NXZ)
Source.obj : error LNK2001: unresolved external symbol "public: virtual void __cdecl UtestShell::assertTrue(bool,char const *,char const *,char const *,char const *,int,class TestTerminator const &)" (?assertTrue@UtestShell@@UEAAX_NPEBD111HAEBVTestTerminator@@@Z)
Source.obj : error LNK2001: unresolved external symbol "public: virtual void __cdecl UtestShell::assertCstrEqual(char const *,char const *,char const *,char const *,int,class TestTerminator const &)" (?assertCstrEqual@UtestShell@@UEAAXPEBD000HAEBVTestTerminator@@@Z)
Source.obj : error LNK2001: unresolved external symbol "public: virtual void __cdecl UtestShell::assertCstrNEqual(char const *,char const *,unsigned __int64,char const *,char const *,int,class TestTerminator const &)" (?assertCstrNEqual@UtestShell@@UEAAXPEBD0_K00HAEBVTestTerminator@@@Z)
Source.obj : error LNK2001: unresolved external symbol "public: virtual void __cdecl UtestShell::assertCstrNoCaseEqual(char const *,char const *,char const *,char const *,int)" (?assertCstrNoCaseEqual@UtestShell@@UEAAXPEBD000H@Z)
Source.obj : error LNK2001: unresolved external symbol "public: virtual void __cdecl UtestShell::assertCstrContains(char const *,char const *,char const *,char const *,int)" (?assertCstrContains@UtestShell@@UEAAXPEBD000H@Z)
Source.obj : error LNK2001: unresolved external symbol "public: virtual void __cdecl UtestShell::assertCstrNoCaseContains(char const *,char const *,char const *,char const *,int)" (?assertCstrNoCaseContains@UtestShell@@UEAAXPEBD000H@Z)
Source.obj : error LNK2001: unresolved external symbol "public: virtual void __cdecl UtestShell::assertLongsEqual(long,long,char const *,char const *,int,class TestTerminator const &)" (?assertLongsEqual@UtestShell@@UEAAXJJPEBD0HAEBVTestTerminator@@@Z)
Source.obj : error LNK2001: unresolved external symbol "public: virtual void __cdecl UtestShell::assertUnsignedLongsEqual(unsigned long,unsigned long,char const *,char const *,int,class TestTerminator const &)" (?assertUnsignedLongsEqual@UtestShell@@UEAAXKKPEBD0HAEBVTestTerminator@@@Z)
Source.obj : error LNK2001: unresolved external symbol "public: virtual void __cdecl UtestShell::assertLongLongsEqual(__int64,__int64,char const *,char const *,int,class TestTerminator const &)" (?assertLongLongsEqual@UtestShell@@UEAAX_J0PEBD1HAEBVTestTerminator@@@Z)
Source.obj : error LNK2001: unresolved external symbol "public: virtual void __cdecl UtestShell::assertUnsignedLongLongsEqual(unsigned __int64,unsigned __int64,char const *,char const *,int,class TestTerminator const &)" (?assertUnsignedLongLongsEqual@UtestShell@@UEAAX_K0PEBD1HAEBVTestTerminator@@@Z)
Source.obj : error LNK2001: unresolved external symbol "public: virtual void __cdecl UtestShell::assertSignedBytesEqual(signed char,signed char,char const *,char const *,int,class TestTerminator const &)" (?assertSignedBytesEqual@UtestShell@@UEAAXCCPEBD0HAEBVTestTerminator@@@Z)
Source.obj : error LNK2001: unresolved external symbol "public: virtual void __cdecl UtestShell::assertPointersEqual(void const *,void const *,char const *,char const *,int,class TestTerminator const &)" (?assertPointersEqual@UtestShell@@UEAAXPEBX0PEBD1HAEBVTestTerminator@@@Z)
Source.obj : error LNK2001: unresolved external symbol "public: virtual void __cdecl UtestShell::assertFunctionPointersEqual(void (__cdecl*)(void),void (__cdecl*)(void),char const *,char const *,int,class TestTerminator const &)" (?assertFunctionPointersEqual@UtestShell@@UEAAXP6AXXZ0PEBD1HAEBVTestTerminator@@@Z)
Source.obj : error LNK2001: unresolved external symbol "public: virtual void __cdecl UtestShell::assertDoublesEqual(double,double,double,char const *,char const *,int,class TestTerminator const &)" (?assertDoublesEqual@UtestShell@@UEAAXNNNPEBD0HAEBVTestTerminator@@@Z)
Source.obj : error LNK2001: unresolved external symbol "public: virtual void __cdecl UtestShell::assertEquals(bool,char const *,char const *,char const *,char const *,int,class TestTerminator const &)" (?assertEquals@UtestShell@@UEAAX_NPEBD111HAEBVTestTerminator@@@Z)
Source.obj : error LNK2001: unresolved external symbol "public: virtual void __cdecl UtestShell::assertBinaryEqual(void const *,void const *,unsigned __int64,char const *,char const *,int,class TestTerminator const &)" (?assertBinaryEqual@UtestShell@@UEAAXPEBX0_KPEBD2HAEBVTestTerminator@@@Z)
Source.obj : error LNK2001: unresolved external symbol "public: virtual void __cdecl UtestShell::assertBitsEqual(unsigned long,unsigned long,unsigned long,unsigned __int64,char const *,char const *,int,class TestTerminator const &)" (?assertBitsEqual@UtestShell@@UEAAXKKK_KPEBD1HAEBVTestTerminator@@@Z)
Source.obj : error LNK2001: unresolved external symbol "public: virtual void __cdecl UtestShell::fail(char const *,char const *,int,class TestTerminator const &)" (?fail@UtestShell@@UEAAXPEBD0HAEBVTestTerminator@@@Z)
Source.obj : error LNK2001: unresolved external symbol "public: virtual void __cdecl UtestShell::exitTest(class TestTerminator const &)" (?exitTest@UtestShell@@UEAAXAEBVTestTerminator@@@Z)
Source.obj : error LNK2001: unresolved external symbol "public: virtual void __cdecl UtestShell::print(char const *,char const *,int)" (?print@UtestShell@@UEAAXPEBD0H@Z)
Source.obj : error LNK2001: unresolved external symbol "public: virtual void __cdecl UtestShell::print(class SimpleString const &,char const *,int)" (?print@UtestShell@@UEAAXAEBVSimpleString@@PEBDH@Z)
Source.obj : error LNK2001: unresolved external symbol "public: virtual bool __cdecl UtestShell::isRunInSeperateProcess(void)const " (?isRunInSeperateProcess@UtestShell@@UEBA_NXZ)
Source.obj : error LNK2001: unresolved external symbol "public: virtual void __cdecl UtestShell::setRunInSeperateProcess(void)" (?setRunInSeperateProcess@UtestShell@@UEAAXXZ)
Source.obj : error LNK2001: unresolved external symbol "public: virtual void __cdecl UtestShell::setRunIgnored(void)" (?setRunIgnored@UtestShell@@UEAAXXZ)
Source.obj : error LNK2001: unresolved external symbol "public: virtual void __cdecl UtestShell::destroyTest(class Utest *)" (?destroyTest@UtestShell@@UEAAXPEAVUtest@@@Z)
Source.obj : error LNK2001: unresolved external symbol "public: virtual void __cdecl UtestShell::runOneTest(class TestPlugin *,class TestResult &)" (?runOneTest@UtestShell@@UEAAXPEAVTestPlugin@@AEAVTestResult@@@Z)
Source.obj : error LNK2001: unresolved external symbol "public: virtual void __cdecl UtestShell::runOneTestInCurrentProcess(class TestPlugin *,class TestResult &)" (?runOneTestInCurrentProcess@UtestShell@@UEAAXPEAVTestPlugin@@AEAVTestResult@@@Z)
Source.obj : error LNK2001: unresolved external symbol "public: virtual void __cdecl UtestShell::failWith(class TestFailure const &)" (?failWith@UtestShell@@UEAAXAEBVTestFailure@@@Z)
Source.obj : error LNK2001: unresolved external symbol "public: virtual void __cdecl UtestShell::failWith(class TestFailure const &,class TestTerminator const &)" (?failWith@UtestShell@@UEAAXAEBVTestFailure@@AEBVTestTerminator@@@Z)
Source.obj : error LNK2019: unresolved external symbol "protected: __cdecl UtestShell::UtestShell(void)" (??0UtestShell@@IEAA@XZ) referenced in function "public: __cdecl TEST_FirstTestGroup_FirstTest_TestShell::TEST_FirstTestGroup_FirstTest_TestShell(void)" (??0TEST_FirstTestGroup_FirstTest_TestShell@@QEAA@XZ)
Source.obj : error LNK2001: unresolved external symbol "protected: virtual class SimpleString __cdecl UtestShell::getMacroName(void)const " (?getMacroName@UtestShell@@MEBA?AVSimpleString@@XZ)
Source.obj : error LNK2019: unresolved external symbol "public: __cdecl TestInstaller::TestInstaller(class UtestShell &,char const *,char const *,char const *,int)" (??0TestInstaller@@QEAA@AEAVUtestShell@@PEBD11H@Z) referenced in function "void __cdecl `dynamic initializer for 'TEST_FirstTestGroup_FirstTest_Installer''(void)" (??__ETEST_FirstTestGroup_FirstTest_Installer@@YAXXZ)
Source.obj : error LNK2019: unresolved external symbol "public: virtual __cdecl TestInstaller::~TestInstaller(void)" (??1TestInstaller@@UEAA@XZ) referenced in function "void __cdecl `dynamic atexit destructor for 'TEST_FirstTestGroup_FirstTest_Installer''(void)" (??__FTEST_FirstTestGroup_FirstTest_Installer@@YAXXZ)
Source.obj : error LNK2019: unresolved external symbol "void * __cdecl operator new(unsigned __int64,char const *,int)" (??2@YAPEAX_KPEBDH@Z) referenced in function "private: virtual class Utest * __cdecl TEST_FirstTestGroup_FirstTest_TestShell::createTest(void)" (?createTest@TEST_FirstTestGroup_FirstTest_TestShell@@EEAAPEAVUtest@@XZ)
Source.obj : error LNK2019: unresolved external symbol "void __cdecl operator delete(void *,char const *,int)" (??3@YAXPEAXPEBDH@Z) referenced in function "int `private: virtual class Utest * __cdecl TEST_FirstTestGroup_FirstTest_TestShell::createTest(void)'::`1'::dtor$0" (?dtor$0@?0??createTest@TEST_FirstTestGroup_FirstTest_TestShell@@EEAAPEAVUtest@@XZ@4HA)
Source.obj : error LNK2019: unresolved external symbol "public: static int __cdecl CommandLineTestRunner::RunAllTests(int,char * *)" (?RunAllTests@CommandLineTestRunner@@SAHHPEAPEAD@Z) referenced in function main
D:\Development and Libraries\CppUTest\lib\CppUTestd.lib : warning LNK4272: library machine type 'X86' conflicts with target machine type 'x64'
F:\Visual Studio Temp Projects\Testing\x64\Debug\Testing.exe : fatal error LNK1120: 53 unresolved externals
